Unity Editor version:    2021.3.16f1 (4016570cf34f)
Branch:                  2021.3/evg/staging/82bb020e-b03b1330/draft-0
Build type:              Release
Batch mode:              YES
macOS version:           Version 12.6.3 (Build 21G419)
Darwin version:          21.6.0
Architecture:            x86_64
Running under Rosetta:   NO
Available memory:        16384 MB
Using pre-set license
Pro License: YES

COMMAND LINE ARGUMENTS:
/Applications/Unity/Hub/Editor/2021.3.16f1/Unity.app/Contents/MacOS/Unity
-adb2
-batchMode
-noUpm
-name
AssetImportWorker0
-projectPath
/Users/jaideep-singh/Personal/Projects/PersonalProjects/New Unity Project
-logFile
Logs/AssetImportWorker0.log
-srvPort
58485
Successfully changed project path to: /Users/jaideep-singh/Personal/Projects/PersonalProjects/New Unity Project
/Users/jaideep-singh/Personal/Projects/PersonalProjects/New Unity Project
[UnityMemory] Configuration Parameters - Can be set up in boot.config
    "memorysetup-bucket-allocator-granularity=16"
    "memorysetup-bucket-allocator-bucket-count=8"
    "memorysetup-bucket-allocator-block-size=33554432"
    "memorysetup-bucket-allocator-block-count=8"
    "memorysetup-main-allocator-block-size=16777216"
    "memorysetup-thread-allocator-block-size=16777216"
    "memorysetup-gfx-main-allocator-block-size=16777216"
    "memorysetup-gfx-thread-allocator-block-size=16777216"
    "memorysetup-cache-allocator-block-size=4194304"
    "memorysetup-typetree-allocator-block-size=2097152"
    "memorysetup-profiler-bucket-allocator-granularity=16"
    "memorysetup-profiler-bucket-allocator-bucket-count=8"
    "memorysetup-profiler-bucket-allocator-block-size=33554432"
    "memorysetup-profiler-bucket-allocator-block-count=8"
    "memorysetup-profiler-allocator-block-size=16777216"
    "memorysetup-profiler-editor-allocator-block-size=1048576"
    "memorysetup-temp-allocator-size-main=16777216"
    "memorysetup-job-temp-allocator-block-size=2097152"
    "memorysetup-job-temp-allocator-block-size-background=1048576"
    "memorysetup-job-temp-allocator-reduction-small-platforms=262144"
    "memorysetup-temp-allocator-size-background-worker=32768"
    "memorysetup-temp-allocator-size-job-worker=262144"
    "memorysetup-temp-allocator-size-preload-manager=33554432"
    "memorysetup-temp-allocator-size-nav-mesh-worker=65536"
    "memorysetup-temp-allocator-size-audio-worker=65536"
    "memorysetup-temp-allocator-size-cloud-worker=32768"
    "memorysetup-temp-allocator-size-gi-baking-worker=262144"
    "memorysetup-temp-allocator-size-gfx=262144"
Player connection [4672837120] Host "[IP] 192.168.1.4 [Port] 0 [Flags] 2 [Guid] 1226554258 [EditorId] 1226554258 [Version] 1048832 [Id] OSXEditor(0,jaideep-singh) [Debug] 1 [PackageName] OSXEditor [ProjectName] Editor" joined multi-casting on [225.0.0.222:54997]...

Player connection [4672837120] Host "[IP] 192.168.1.4 [Port] 0 [Flags] 2 [Guid] 1226554258 [EditorId] 1226554258 [Version] 1048832 [Id] OSXEditor(0,jaideep-singh) [Debug] 1 [PackageName] OSXEditor [ProjectName] Editor" joined alternative multi-casting on [225.0.0.222:34997]...

Refreshing native plugins compatible for Editor in 80.87 ms, found 2 plugins.
Preloading 0 native plugins for Editor in 0.00 ms.
Initialize engine version: 2021.3.16f1 (4016570cf34f)
[Subsystems] Discovering subsystems at path /Applications/Unity/Hub/Editor/2021.3.16f1/Unity.app/Contents/Resources/UnitySubsystems
[Subsystems] Discovering subsystems at path /Users/jaideep-singh/Personal/Projects/PersonalProjects/New Unity Project/Assets
GfxDevice: creating device client; threaded=0; jobified=0
Color LCD preferred device: Intel(R) UHD Graphics 630 (low power)
Metal devices available: 2
0: AMD Radeon Pro 5500M (high power)
1: Intel(R) UHD Graphics 630 (low power)
Using device AMD Radeon Pro 5500M (high power)
Initializing Metal device caps: AMD Radeon Pro 5500M
Initialize mono
Mono path[0] = '/Applications/Unity/Hub/Editor/2021.3.16f1/Unity.app/Contents/Managed'
Mono path[1] = '/Applications/Unity/Hub/Editor/2021.3.16f1/Unity.app/Contents/MonoBleedingEdge/lib/mono/unityjit-macos'
Mono config path = '/Applications/Unity/Hub/Editor/2021.3.16f1/Unity.app/Contents/MonoBleedingEdge/etc'
Using monoOptions --debugger-agent=transport=dt_socket,embedding=1,server=y,suspend=n,address=127.0.0.1:56563
Begin MonoManager ReloadAssembly
Registering precompiled unity dll's ...
Register platform support module: /Applications/Unity/Hub/Editor/2021.3.16f1/PlaybackEngines/WebGLSupport/UnityEditor.WebGL.Extensions.dll
Register platform support module: /Applications/Unity/Hub/Editor/2021.3.16f1/Unity.app/Contents/PlaybackEngines/MacStandaloneSupport/UnityEditor.OSXStandalone.Extensions.dll
Register platform support module: /Applications/Unity/Hub/Editor/2021.3.16f1/PlaybackEngines/AndroidPlayer/UnityEditor.Android.Extensions.dll
Registered in 0.004994 seconds.
Native extension for Android target not found
Native extension for OSXStandalone target not found
Native extension for WebGL target not found
Refreshing native plugins compatible for Editor in 91.33 ms, found 2 plugins.
Preloading 0 native plugins for Editor in 0.00 ms.
Mono: successfully reloaded assembly
- Completed reload, in  0.773 seconds
Domain Reload Profiling:
	ReloadAssembly (774ms)
		BeginReloadAssembly (99ms)
			ExecutionOrderSort (0ms)
			DisableScriptedObjects (0ms)
			BackupInstance (0ms)
			ReleaseScriptingObjects (0ms)
			CreateAndSetChildDomain (1ms)
		EndReloadAssembly (550ms)
			LoadAssemblies (103ms)
			RebuildTransferFunctionScriptingTraits (0ms)
			SetupTypeCache (133ms)
			ReleaseScriptCaches (0ms)
			RebuildScriptCaches (42ms)
			SetupLoadedEditorAssemblies (317ms)
				LogAssemblyErrors (0ms)
				InitializePlatformSupportModulesInManaged (63ms)
				SetLoadedEditorAssemblies (0ms)
				RefreshPlugins (91ms)
				BeforeProcessingInitializeOnLoad (2ms)
				ProcessInitializeOnLoadAttributes (107ms)
				ProcessInitializeOnLoadMethodAttributes (54ms)
				AfterProcessingInitializeOnLoad (0ms)
				EditorAssembliesLoaded (0ms)
			ExecutionOrderSort2 (0ms)
			AwakeInstancesAfterBackupRestoration (0ms)
Platform modules already initialized, skipping
Registering precompiled user dll's ...
Registered in 0.007638 seconds.
Begin MonoManager ReloadAssembly
Symbol file LoadedFromMemory doesn't match image /Users/jaideep-singh/Personal/Projects/PersonalProjects/New Unity Project/Library/PackageCache/com.unity.visualscripting@1.7.8/Editor/VisualScripting.Core/Dependencies/YamlDotNet/Unity.VisualScripting.YamlDotNet.dll
Symbol file LoadedFromMemory doesn't match image /Users/jaideep-singh/Personal/Projects/PersonalProjects/New Unity Project/Library/PackageCache/com.unity.visualscripting@1.7.8/Editor/VisualScripting.Core/Dependencies/DotNetZip/Unity.VisualScripting.IonicZip.dll
Native extension for Android target not found
Native extension for OSXStandalone target not found
Native extension for WebGL target not found
Refreshing native plugins compatible for Editor in 0.52 ms, found 2 plugins.
Preloading 0 native plugins for Editor in 0.00 ms.
Mono: successfully reloaded assembly
- Completed reload, in  1.417 seconds
Domain Reload Profiling:
	ReloadAssembly (1418ms)
		BeginReloadAssembly (248ms)
			ExecutionOrderSort (0ms)
			DisableScriptedObjects (11ms)
			BackupInstance (0ms)
			ReleaseScriptingObjects (0ms)
			CreateAndSetChildDomain (133ms)
		EndReloadAssembly (1028ms)
			LoadAssemblies (140ms)
			RebuildTransferFunctionScriptingTraits (0ms)
			SetupTypeCache (297ms)
			ReleaseScriptCaches (3ms)
			RebuildScriptCaches (66ms)
			SetupLoadedEditorAssemblies (482ms)
				LogAssemblyErrors (0ms)
				InitializePlatformSupportModulesInManaged (16ms)
				SetLoadedEditorAssemblies (1ms)
				RefreshPlugins (1ms)
				BeforeProcessingInitializeOnLoad (83ms)
				ProcessInitializeOnLoadAttributes (347ms)
				ProcessInitializeOnLoadMethodAttributes (33ms)
				AfterProcessingInitializeOnLoad (1ms)
				EditorAssembliesLoaded (0ms)
			ExecutionOrderSort2 (0ms)
			AwakeInstancesAfterBackupRestoration (4ms)
Platform modules already initialized, skipping
========================================================================
Worker process is ready to serve import requests
Launching external process: /Applications/Unity/Hub/Editor/2021.3.16f1/Unity.app/Contents/Tools/UnityShaderCompiler
Launched and connected shader compiler UnityShaderCompiler after 0.07 seconds
Refreshing native plugins compatible for Editor in 0.49 ms, found 2 plugins.
Preloading 0 native plugins for Editor in 0.00 ms.
Unloading 3265 Unused Serialized files (Serialized files now loaded: 0)
Unloading 24 unused Assets / (40.1 KB). Loaded Objects now: 3727.
Memory consumption went from 106.6 MB to 106.6 MB.
Total: 3.569309 ms (FindLiveObjects: 0.338948 ms CreateObjectMapping: 0.251369 ms MarkObjects: 2.892740 ms  DeleteObjects: 0.085488 ms)

AssetImportParameters requested are different than current active one (requested -> active):
  custom:video-decoder-ogg-theora: a1e56fd34408186e4bbccfd4996cb3dc -> 
  custom:container-muxer-webm: aa71ff27fc2769a1b78a27578f13a17b -> 
  custom:container-demuxer-webm: 4f35f7cbe854078d1ac9338744f61a02 -> 
  custom:video-encoder-webm-vp8: eb34c28f22e8b96e1ab97ce403110664 -> 
  custom:framework-osx-AVFoundation: e770b220cccbd017edd2c1fefb359320 -> 
  custom:audio-encoder-webm-vorbis: bf7c407c2cedff20999df2af8eb42d56 -> 
  custom:container-demuxer-ogg: 62fdf1f143b41e24485cea50d1cbac27 -> 
  custom:video-decoder-webm-vp8: 9c59270c3fd7afecdb556c50c9e8de78 -> 
  custom:audio-decoder-ogg-vorbis: bf7c407c2cedff20999df2af8eb42d56 -> 
========================================================================
Received Prepare
Registering precompiled user dll's ...
Registered in 0.002699 seconds.
Begin MonoManager ReloadAssembly
Symbol file LoadedFromMemory doesn't match image /Users/jaideep-singh/Personal/Projects/PersonalProjects/New Unity Project/Library/PackageCache/com.unity.visualscripting@1.7.8/Editor/VisualScripting.Core/Dependencies/YamlDotNet/Unity.VisualScripting.YamlDotNet.dll
Symbol file LoadedFromMemory doesn't match image /Users/jaideep-singh/Personal/Projects/PersonalProjects/New Unity Project/Library/PackageCache/com.unity.visualscripting@1.7.8/Editor/VisualScripting.Core/Dependencies/DotNetZip/Unity.VisualScripting.IonicZip.dll
Native extension for Android target not found
Native extension for OSXStandalone target not found
Native extension for WebGL target not found
Refreshing native plugins compatible for Editor in 0.62 ms, found 2 plugins.
Preloading 0 native plugins for Editor in 0.00 ms.
Mono: successfully reloaded assembly
- Completed reload, in  1.337 seconds
Domain Reload Profiling:
	ReloadAssembly (1338ms)
		BeginReloadAssembly (256ms)
			ExecutionOrderSort (0ms)
			DisableScriptedObjects (18ms)
			BackupInstance (0ms)
			ReleaseScriptingObjects (0ms)
			CreateAndSetChildDomain (119ms)
		EndReloadAssembly (968ms)
			LoadAssemblies (131ms)
			RebuildTransferFunctionScriptingTraits (0ms)
			SetupTypeCache (340ms)
			ReleaseScriptCaches (1ms)
			RebuildScriptCaches (49ms)
			SetupLoadedEditorAssemblies (417ms)
				LogAssemblyErrors (0ms)
				InitializePlatformSupportModulesInManaged (25ms)
				SetLoadedEditorAssemblies (1ms)
				RefreshPlugins (1ms)
				BeforeProcessingInitializeOnLoad (59ms)
				ProcessInitializeOnLoadAttributes (297ms)
				ProcessInitializeOnLoadMethodAttributes (33ms)
				AfterProcessingInitializeOnLoad (1ms)
				EditorAssembliesLoaded (0ms)
			ExecutionOrderSort2 (0ms)
			AwakeInstancesAfterBackupRestoration (4ms)
Platform modules already initialized, skipping
Refreshing native plugins compatible for Editor in 1.32 ms, found 2 plugins.
Preloading 0 native plugins for Editor in 0.00 ms.
Unloading 3259 Unused Serialized files (Serialized files now loaded: 0)
Unloading 17 unused Assets / (22.0 KB). Loaded Objects now: 3730.
Memory consumption went from 106.3 MB to 106.3 MB.
Total: 3.581849 ms (FindLiveObjects: 0.284084 ms CreateObjectMapping: 0.202676 ms MarkObjects: 3.055480 ms  DeleteObjects: 0.038868 ms)

AssetImportParameters requested are different than current active one (requested -> active):
  custom:video-decoder-ogg-theora: a1e56fd34408186e4bbccfd4996cb3dc -> 
  custom:container-muxer-webm: aa71ff27fc2769a1b78a27578f13a17b -> 
  custom:container-demuxer-webm: 4f35f7cbe854078d1ac9338744f61a02 -> 
  custom:video-encoder-webm-vp8: eb34c28f22e8b96e1ab97ce403110664 -> 
  custom:framework-osx-AVFoundation: e770b220cccbd017edd2c1fefb359320 -> 
  custom:audio-encoder-webm-vorbis: bf7c407c2cedff20999df2af8eb42d56 -> 
  custom:container-demuxer-ogg: 62fdf1f143b41e24485cea50d1cbac27 -> 
  custom:video-decoder-webm-vp8: 9c59270c3fd7afecdb556c50c9e8de78 -> 
  custom:audio-decoder-ogg-vorbis: bf7c407c2cedff20999df2af8eb42d56 -> 
========================================================================
Received Import Request.
  Time since last request: 180925.390701 seconds.
  path: Assets/Scenes
  artifactKey: Guid(81e1235b3da9d4bbfbc1b7413c556b6e) Importer(815301076,1909f56bfc062723c751e8b465ee728b)
Start importing Assets/Scenes using Guid(81e1235b3da9d4bbfbc1b7413c556b6e) Importer(815301076,1909f56bfc062723c751e8b465ee728b)  -> (artifact id: '5bb200cc0fb1879dc49735d5e7ae7211') in 0.007369 seconds 
========================================================================
Received Import Request.
  Time since last request: 18.518919 seconds.
  path: Assets/Scenes/MainMenuScene.unity
  artifactKey: Guid(f36e42728e12540cda6a6874cb02d042) Importer(815301076,1909f56bfc062723c751e8b465ee728b)
Start importing Assets/Scenes/MainMenuScene.unity using Guid(f36e42728e12540cda6a6874cb02d042) Importer(815301076,1909f56bfc062723c751e8b465ee728b)  -> (artifact id: '626bb4629e47eed9244bd4234a8b8c1f') in 0.001686 seconds 
========================================================================
Received Import Request.
  Time since last request: 31.356814 seconds.
  path: Assets/Scenes/BattleScene.unity
  artifactKey: Guid(29b19a749d0fd4edc8606eadc4d7aaab) Importer(815301076,1909f56bfc062723c751e8b465ee728b)
Start importing Assets/Scenes/BattleScene.unity using Guid(29b19a749d0fd4edc8606eadc4d7aaab) Importer(815301076,1909f56bfc062723c751e8b465ee728b)  -> (artifact id: '5787f2a5b7234b7fdbb2ed3a7ddc5cd5') in 0.001148 seconds 
========================================================================
Received Import Request.
  Time since last request: 0.646315 seconds.
  path: Assets/Scenes/HeroSelectionScene.unity
  artifactKey: Guid(2cda990e2423bbf4892e6590ba056729) Importer(815301076,1909f56bfc062723c751e8b465ee728b)
Start importing Assets/Scenes/HeroSelectionScene.unity using Guid(2cda990e2423bbf4892e6590ba056729) Importer(815301076,1909f56bfc062723c751e8b465ee728b)  -> (artifact id: '49dc14de6409150b19f300269207edfb') in 0.001613 seconds 
========================================================================
Received Import Request.
  Time since last request: 150.434626 seconds.
  path: Assets/Scenes/MainMenuScene.unity
  artifactKey: Guid(f36e42728e12540cda6a6874cb02d042) Importer(815301076,1909f56bfc062723c751e8b465ee728b)
Start importing Assets/Scenes/MainMenuScene.unity using Guid(f36e42728e12540cda6a6874cb02d042) Importer(815301076,1909f56bfc062723c751e8b465ee728b)  -> (artifact id: 'e5f16703d79a83f0bdcb15bc393a382c') in 0.001151 seconds 
========================================================================
Received Import Request.
  Time since last request: 83.742339 seconds.
  path: Assets/Scenes/MainMenuScene.unity
  artifactKey: Guid(f36e42728e12540cda6a6874cb02d042) Importer(815301076,1909f56bfc062723c751e8b465ee728b)
Start importing Assets/Scenes/MainMenuScene.unity using Guid(f36e42728e12540cda6a6874cb02d042) Importer(815301076,1909f56bfc062723c751e8b465ee728b)  -> (artifact id: 'c7efb235e5f76ca9c293cbee2b294b50') in 0.001518 seconds 
========================================================================
Received Import Request.
  Time since last request: 2677.212770 seconds.
  path: Assets/Scripts/UI
  artifactKey: Guid(3caefa592208c4565987a2d9be4cd92d) Importer(815301076,1909f56bfc062723c751e8b465ee728b)
Start importing Assets/Scripts/UI using Guid(3caefa592208c4565987a2d9be4cd92d) Importer(815301076,1909f56bfc062723c751e8b465ee728b)  -> (artifact id: '97d9fc1eb895b81660a3ccf924886d4e') in 0.003017 seconds 
========================================================================
Received Import Request.
  Time since last request: 79.320308 seconds.
  path: Assets/Scripts/UI/HeroSelectionController.cs
  artifactKey: Guid(bd88f5329753f4d7aba2031d84c2ae21) Importer(815301076,1909f56bfc062723c751e8b465ee728b)
Start importing Assets/Scripts/UI/HeroSelectionController.cs using Guid(bd88f5329753f4d7aba2031d84c2ae21) Importer(815301076,1909f56bfc062723c751e8b465ee728b)  -> (artifact id: '79cef1246fd69ccada181767cbf07f76') in 0.241920 seconds 
========================================================================
Received Import Request.
  Time since last request: 21.233455 seconds.
  path: Assets/Scripts/UI/MainMenuController.cs
  artifactKey: Guid(3c46d5aa3843c4dd79b2c4f68667ff8b) Importer(815301076,1909f56bfc062723c751e8b465ee728b)
Start importing Assets/Scripts/UI/MainMenuController.cs using Guid(3c46d5aa3843c4dd79b2c4f68667ff8b) Importer(815301076,1909f56bfc062723c751e8b465ee728b)  -> (artifact id: '97d8683db53dd8e4578626e94762c98f') in 0.002720 seconds 
========================================================================
Received Prepare
Registering precompiled user dll's ...
Registered in 0.002406 seconds.
Begin MonoManager ReloadAssembly
Symbol file LoadedFromMemory doesn't match image /Users/jaideep-singh/Personal/Projects/PersonalProjects/New Unity Project/Library/PackageCache/com.unity.visualscripting@1.7.8/Editor/VisualScripting.Core/Dependencies/YamlDotNet/Unity.VisualScripting.YamlDotNet.dll
Symbol file LoadedFromMemory doesn't match image /Users/jaideep-singh/Personal/Projects/PersonalProjects/New Unity Project/Library/PackageCache/com.unity.visualscripting@1.7.8/Editor/VisualScripting.Core/Dependencies/DotNetZip/Unity.VisualScripting.IonicZip.dll
Native extension for Android target not found
Native extension for OSXStandalone target not found
Native extension for WebGL target not found
Refreshing native plugins compatible for Editor in 0.47 ms, found 2 plugins.
Preloading 0 native plugins for Editor in 0.00 ms.
Mono: successfully reloaded assembly
- Completed reload, in  1.193 seconds
Domain Reload Profiling:
	ReloadAssembly (1194ms)
		BeginReloadAssembly (215ms)
			ExecutionOrderSort (0ms)
			DisableScriptedObjects (19ms)
			BackupInstance (0ms)
			ReleaseScriptingObjects (0ms)
			CreateAndSetChildDomain (89ms)
		EndReloadAssembly (855ms)
			LoadAssemblies (98ms)
			RebuildTransferFunctionScriptingTraits (0ms)
			SetupTypeCache (278ms)
			ReleaseScriptCaches (1ms)
			RebuildScriptCaches (47ms)
			SetupLoadedEditorAssemblies (402ms)
				LogAssemblyErrors (0ms)
				InitializePlatformSupportModulesInManaged (26ms)
				SetLoadedEditorAssemblies (1ms)
				RefreshPlugins (1ms)
				BeforeProcessingInitializeOnLoad (53ms)
				ProcessInitializeOnLoadAttributes (293ms)
				ProcessInitializeOnLoadMethodAttributes (28ms)
				AfterProcessingInitializeOnLoad (1ms)
				EditorAssembliesLoaded (0ms)
			ExecutionOrderSort2 (0ms)
			AwakeInstancesAfterBackupRestoration (4ms)
Platform modules already initialized, skipping
Refreshing native plugins compatible for Editor in 1.19 ms, found 2 plugins.
Preloading 0 native plugins for Editor in 0.00 ms.
Unloading 3273 Unused Serialized files (Serialized files now loaded: 0)
Unloading 30 unused Assets / (0.6 MB). Loaded Objects now: 3734.
Memory consumption went from 112.6 MB to 112.0 MB.
Total: 3.795185 ms (FindLiveObjects: 0.265617 ms CreateObjectMapping: 0.183141 ms MarkObjects: 3.006118 ms  DeleteObjects: 0.339539 ms)

AssetImportParameters requested are different than current active one (requested -> active):
  custom:video-decoder-ogg-theora: a1e56fd34408186e4bbccfd4996cb3dc -> 
  custom:container-muxer-webm: aa71ff27fc2769a1b78a27578f13a17b -> 
  custom:container-demuxer-webm: 4f35f7cbe854078d1ac9338744f61a02 -> 
  custom:video-encoder-webm-vp8: eb34c28f22e8b96e1ab97ce403110664 -> 
  custom:framework-osx-AVFoundation: e770b220cccbd017edd2c1fefb359320 -> 
  custom:audio-encoder-webm-vorbis: bf7c407c2cedff20999df2af8eb42d56 -> 
  custom:container-demuxer-ogg: 62fdf1f143b41e24485cea50d1cbac27 -> 
  custom:video-decoder-webm-vp8: 9c59270c3fd7afecdb556c50c9e8de78 -> 
  custom:audio-decoder-ogg-vorbis: bf7c407c2cedff20999df2af8eb42d56 -> 
========================================================================
Received Prepare
Registering precompiled user dll's ...
Registered in 0.003271 seconds.
Begin MonoManager ReloadAssembly
Symbol file LoadedFromMemory doesn't match image /Users/jaideep-singh/Personal/Projects/PersonalProjects/New Unity Project/Library/PackageCache/com.unity.visualscripting@1.7.8/Editor/VisualScripting.Core/Dependencies/YamlDotNet/Unity.VisualScripting.YamlDotNet.dll
Symbol file LoadedFromMemory doesn't match image /Users/jaideep-singh/Personal/Projects/PersonalProjects/New Unity Project/Library/PackageCache/com.unity.visualscripting@1.7.8/Editor/VisualScripting.Core/Dependencies/DotNetZip/Unity.VisualScripting.IonicZip.dll
Native extension for Android target not found
Native extension for OSXStandalone target not found
Native extension for WebGL target not found
Refreshing native plugins compatible for Editor in 0.47 ms, found 2 plugins.
Preloading 0 native plugins for Editor in 0.00 ms.
Mono: successfully reloaded assembly
- Completed reload, in  1.056 seconds
Domain Reload Profiling:
	ReloadAssembly (1057ms)
		BeginReloadAssembly (132ms)
			ExecutionOrderSort (0ms)
			DisableScriptedObjects (7ms)
			BackupInstance (0ms)
			ReleaseScriptingObjects (0ms)
			CreateAndSetChildDomain (44ms)
		EndReloadAssembly (818ms)
			LoadAssemblies (75ms)
			RebuildTransferFunctionScriptingTraits (0ms)
			SetupTypeCache (255ms)
			ReleaseScriptCaches (1ms)
			RebuildScriptCaches (46ms)
			SetupLoadedEditorAssemblies (396ms)
				LogAssemblyErrors (0ms)
				InitializePlatformSupportModulesInManaged (22ms)
				SetLoadedEditorAssemblies (1ms)
				RefreshPlugins (0ms)
				BeforeProcessingInitializeOnLoad (58ms)
				ProcessInitializeOnLoadAttributes (286ms)
				ProcessInitializeOnLoadMethodAttributes (28ms)
				AfterProcessingInitializeOnLoad (2ms)
				EditorAssembliesLoaded (0ms)
			ExecutionOrderSort2 (0ms)
			AwakeInstancesAfterBackupRestoration (4ms)
Platform modules already initialized, skipping
Refreshing native plugins compatible for Editor in 1.09 ms, found 2 plugins.
Preloading 0 native plugins for Editor in 0.00 ms.
Unloading 3273 Unused Serialized files (Serialized files now loaded: 0)
Unloading 30 unused Assets / (0.6 MB). Loaded Objects now: 3737.
Memory consumption went from 112.7 MB to 112.1 MB.
Total: 3.465851 ms (FindLiveObjects: 0.249200 ms CreateObjectMapping: 0.175088 ms MarkObjects: 2.724512 ms  DeleteObjects: 0.316374 ms)

AssetImportParameters requested are different than current active one (requested -> active):
  custom:video-decoder-ogg-theora: a1e56fd34408186e4bbccfd4996cb3dc -> 
  custom:container-muxer-webm: aa71ff27fc2769a1b78a27578f13a17b -> 
  custom:container-demuxer-webm: 4f35f7cbe854078d1ac9338744f61a02 -> 
  custom:video-encoder-webm-vp8: eb34c28f22e8b96e1ab97ce403110664 -> 
  custom:framework-osx-AVFoundation: e770b220cccbd017edd2c1fefb359320 -> 
  custom:audio-encoder-webm-vorbis: bf7c407c2cedff20999df2af8eb42d56 -> 
  custom:container-demuxer-ogg: 62fdf1f143b41e24485cea50d1cbac27 -> 
  custom:video-decoder-webm-vp8: 9c59270c3fd7afecdb556c50c9e8de78 -> 
  custom:audio-decoder-ogg-vorbis: bf7c407c2cedff20999df2af8eb42d56 -> 
========================================================================
Received Prepare
Registering precompiled user dll's ...
Registered in 0.003238 seconds.
Begin MonoManager ReloadAssembly
Symbol file LoadedFromMemory doesn't match image /Users/jaideep-singh/Personal/Projects/PersonalProjects/New Unity Project/Library/PackageCache/com.unity.visualscripting@1.7.8/Editor/VisualScripting.Core/Dependencies/YamlDotNet/Unity.VisualScripting.YamlDotNet.dll
Symbol file LoadedFromMemory doesn't match image /Users/jaideep-singh/Personal/Projects/PersonalProjects/New Unity Project/Library/PackageCache/com.unity.visualscripting@1.7.8/Editor/VisualScripting.Core/Dependencies/DotNetZip/Unity.VisualScripting.IonicZip.dll
Native extension for Android target not found
Native extension for OSXStandalone target not found
Native extension for WebGL target not found
Refreshing native plugins compatible for Editor in 0.46 ms, found 2 plugins.
Preloading 0 native plugins for Editor in 0.00 ms.
Mono: successfully reloaded assembly
- Completed reload, in  1.215 seconds
Domain Reload Profiling:
	ReloadAssembly (1216ms)
		BeginReloadAssembly (173ms)
			ExecutionOrderSort (0ms)
			DisableScriptedObjects (9ms)
			BackupInstance (0ms)
			ReleaseScriptingObjects (0ms)
			CreateAndSetChildDomain (63ms)
		EndReloadAssembly (925ms)
			LoadAssemblies (96ms)
			RebuildTransferFunctionScriptingTraits (0ms)
			SetupTypeCache (279ms)
			ReleaseScriptCaches (1ms)
			RebuildScriptCaches (52ms)
			SetupLoadedEditorAssemblies (457ms)
				LogAssemblyErrors (0ms)
				InitializePlatformSupportModulesInManaged (23ms)
				SetLoadedEditorAssemblies (1ms)
				RefreshPlugins (0ms)
				BeforeProcessingInitializeOnLoad (58ms)
				ProcessInitializeOnLoadAttributes (342ms)
				ProcessInitializeOnLoadMethodAttributes (30ms)
				AfterProcessingInitializeOnLoad (2ms)
				EditorAssembliesLoaded (0ms)
			ExecutionOrderSort2 (0ms)
			AwakeInstancesAfterBackupRestoration (5ms)
Platform modules already initialized, skipping
Refreshing native plugins compatible for Editor in 3.46 ms, found 2 plugins.
Preloading 0 native plugins for Editor in 0.00 ms.
Unloading 3273 Unused Serialized files (Serialized files now loaded: 0)
Unloading 30 unused Assets / (0.6 MB). Loaded Objects now: 3740.
Memory consumption went from 112.7 MB to 112.1 MB.
Total: 4.183186 ms (FindLiveObjects: 0.312321 ms CreateObjectMapping: 0.236125 ms MarkObjects: 2.968924 ms  DeleteObjects: 0.664537 ms)

AssetImportParameters requested are different than current active one (requested -> active):
  custom:video-decoder-ogg-theora: a1e56fd34408186e4bbccfd4996cb3dc -> 
  custom:container-muxer-webm: aa71ff27fc2769a1b78a27578f13a17b -> 
  custom:container-demuxer-webm: 4f35f7cbe854078d1ac9338744f61a02 -> 
  custom:video-encoder-webm-vp8: eb34c28f22e8b96e1ab97ce403110664 -> 
  custom:framework-osx-AVFoundation: e770b220cccbd017edd2c1fefb359320 -> 
  custom:audio-encoder-webm-vorbis: bf7c407c2cedff20999df2af8eb42d56 -> 
  custom:container-demuxer-ogg: 62fdf1f143b41e24485cea50d1cbac27 -> 
  custom:video-decoder-webm-vp8: 9c59270c3fd7afecdb556c50c9e8de78 -> 
  custom:audio-decoder-ogg-vorbis: bf7c407c2cedff20999df2af8eb42d56 -> 
========================================================================
Received Import Request.
  Time since last request: 1921.029302 seconds.
  path: Assets/Scripts/Managers
  artifactKey: Guid(2995551d64cc64e84883059cd77b1e5e) Importer(815301076,1909f56bfc062723c751e8b465ee728b)
Start importing Assets/Scripts/Managers using Guid(2995551d64cc64e84883059cd77b1e5e) Importer(815301076,1909f56bfc062723c751e8b465ee728b)  -> (artifact id: '39c33e39405c157e4b3baacbeebabe52') in 0.008048 seconds 
========================================================================
Received Import Request.
  Time since last request: 3.502915 seconds.
  path: Assets/Scripts/Managers/CustomSceneManager.cs
  artifactKey: Guid(055cbc00529b2489090ed91257f7c5e1) Importer(815301076,1909f56bfc062723c751e8b465ee728b)
Start importing Assets/Scripts/Managers/CustomSceneManager.cs using Guid(055cbc00529b2489090ed91257f7c5e1) Importer(815301076,1909f56bfc062723c751e8b465ee728b)  -> (artifact id: 'c275cfefde8816e6a05b7dabd240af66') in 0.002438 seconds 
========================================================================
Received Import Request.
  Time since last request: 13932.204007 seconds.
  path: Assets/Scripts/Managers/BattleManager.cs
  artifactKey: Guid(859a960a8c28840968f39cb80d9dfb11) Importer(815301076,1909f56bfc062723c751e8b465ee728b)
Start importing Assets/Scripts/Managers/BattleManager.cs using Guid(859a960a8c28840968f39cb80d9dfb11) Importer(815301076,1909f56bfc062723c751e8b465ee728b)  -> (artifact id: '7b39c0649c87e1db21fb93ea347e6a1b') in 0.026432 seconds 
========================================================================
Received Import Request.
  Time since last request: 3.273962 seconds.
  path: Assets/Scenes/BattleScene 1.unity
  artifactKey: Guid(0a9974da1b52a41f3978db73db96e6ad) Importer(815301076,1909f56bfc062723c751e8b465ee728b)
Start importing Assets/Scenes/BattleScene 1.unity using Guid(0a9974da1b52a41f3978db73db96e6ad) Importer(815301076,1909f56bfc062723c751e8b465ee728b)  -> (artifact id: '1a663ae65b87867ec3c664c9c139dad4') in 0.003157 seconds 
========================================================================
Received Import Request.
  Time since last request: 17.241960 seconds.
  path: Assets/Scenes/RPSBattleScene.unity
  artifactKey: Guid(0a9974da1b52a41f3978db73db96e6ad) Importer(815301076,1909f56bfc062723c751e8b465ee728b)
Start importing Assets/Scenes/RPSBattleScene.unity using Guid(0a9974da1b52a41f3978db73db96e6ad) Importer(815301076,1909f56bfc062723c751e8b465ee728b)  -> (artifact id: '2b4a270b48c1d2118114e219337237ee') in 0.001670 seconds 
========================================================================
Received Import Request.
  Time since last request: 5.967198 seconds.
  path: Assets/Scenes/MainMenuScene.unity
  artifactKey: Guid(f36e42728e12540cda6a6874cb02d042) Importer(815301076,1909f56bfc062723c751e8b465ee728b)
Start importing Assets/Scenes/MainMenuScene.unity using Guid(f36e42728e12540cda6a6874cb02d042) Importer(815301076,1909f56bfc062723c751e8b465ee728b)  -> (artifact id: 'ac71959c689d85b5430a99ac0fd173c0') in 0.002218 seconds 
========================================================================
Received Import Request.
  Time since last request: 7.478521 seconds.
  path: Assets/Scenes/BattleScene.unity
  artifactKey: Guid(0a9974da1b52a41f3978db73db96e6ad) Importer(815301076,1909f56bfc062723c751e8b465ee728b)
Start importing Assets/Scenes/BattleScene.unity using Guid(0a9974da1b52a41f3978db73db96e6ad) Importer(815301076,1909f56bfc062723c751e8b465ee728b)  -> (artifact id: '67e5dd28c6eaaf48f59bfcc84609a6fa') in 0.000968 seconds 
========================================================================
Received Import Request.
  Time since last request: 6.768720 seconds.
  path: Assets/Scenes/BattleScene.unity
  artifactKey: Guid(0a9974da1b52a41f3978db73db96e6ad) Importer(815301076,1909f56bfc062723c751e8b465ee728b)
Start importing Assets/Scenes/BattleScene.unity using Guid(0a9974da1b52a41f3978db73db96e6ad) Importer(815301076,1909f56bfc062723c751e8b465ee728b)  -> (artifact id: 'c1b0b69c3df97b9088733c32d3e9b726') in 0.001869 seconds 
========================================================================
Received Import Request.
  Time since last request: 1598.889158 seconds.
  path: Assets/Resources
  artifactKey: Guid(c91d1fdc6922447aba017998e9150226) Importer(815301076,1909f56bfc062723c751e8b465ee728b)
Start importing Assets/Resources using Guid(c91d1fdc6922447aba017998e9150226) Importer(815301076,1909f56bfc062723c751e8b465ee728b)  -> (artifact id: '2cd804b53a015081ca18e5c9b7d9b077') in 0.001803 seconds 
========================================================================
Received Import Request.
  Time since last request: 2.189141 seconds.
  path: Assets/Resources/ScriptableObjects
  artifactKey: Guid(a350b688d4694477aad6ec558b0d73e6) Importer(815301076,1909f56bfc062723c751e8b465ee728b)
Start importing Assets/Resources/ScriptableObjects using Guid(a350b688d4694477aad6ec558b0d73e6) Importer(815301076,1909f56bfc062723c751e8b465ee728b)  -> (artifact id: 'a5fcc43eb80cd119f9abefd0e7658ab5') in 0.002166 seconds 
========================================================================
Received Import Request.
  Time since last request: 4.159881 seconds.
  path: Assets
  artifactKey: Guid(00000000000000001000000000000000) Importer(815301076,1909f56bfc062723c751e8b465ee728b)
Start importing Assets using Guid(00000000000000001000000000000000) Importer(815301076,1909f56bfc062723c751e8b465ee728b)  -> (artifact id: '79842766b460edbeab6a34051e857a80') in 0.001187 seconds 
========================================================================
Received Import Request.
  Time since last request: 0.358587 seconds.
  path: Assets/Prefabs
  artifactKey: Guid(4ea596beb441e4f5a8bc391128902efa) Importer(815301076,1909f56bfc062723c751e8b465ee728b)
Start importing Assets/Prefabs using Guid(4ea596beb441e4f5a8bc391128902efa) Importer(815301076,1909f56bfc062723c751e8b465ee728b)  -> (artifact id: 'df2674d7998a9961a38e6429dc1b5921') in 0.001327 seconds 
========================================================================
Received Import Request.
  Time since last request: 0.498781 seconds.
  path: Assets/Resources/ScriptableObjects/CharactersDatabase.asset
  artifactKey: Guid(65ad4bbf620294d4aaa7f83023a9ba9d) Importer(815301076,1909f56bfc062723c751e8b465ee728b)
Start importing Assets/Resources/ScriptableObjects/CharactersDatabase.asset using Guid(65ad4bbf620294d4aaa7f83023a9ba9d) Importer(815301076,1909f56bfc062723c751e8b465ee728b)  -> (artifact id: 'a02ab911153010b18d59e92b9feca261') in 1.012397 seconds 
========================================================================
Received Import Request.
  Time since last request: 7.080662 seconds.
  path: Assets/Prefabs/Characters
  artifactKey: Guid(e4851c6775f2c4d7b8e891dc07be43aa) Importer(815301076,1909f56bfc062723c751e8b465ee728b)
Start importing Assets/Prefabs/Characters using Guid(e4851c6775f2c4d7b8e891dc07be43aa) Importer(815301076,1909f56bfc062723c751e8b465ee728b)  -> (artifact id: '1241b75bba81d4095dc98286f3c3baff') in 0.000985 seconds 
